<?xml version="1.0" encoding="UTF-8"?>
<!-- Generated by org.testng.reporters.JUnitReportReporter -->
<testsuite hostname="192.168.1.13" failures="0" tests="1" name="scripts.TC_002_ExternalLinks_Test" time="11.742" errors="0" timestamp="2022-02-16T10:45:15 IST" skipped="0">
  <testcase classname="scripts.TC_002_ExternalLinks_Test" name="testcase_02" time="11.742"/>
  <system-out/>
</testsuite> <!-- scripts.TC_002_ExternalLinks_Test -->
