<?xml version="1.0" encoding="UTF-8"?>
<!-- Generated by org.testng.reporters.JUnitReportReporter -->
<testsuite hostname="DESKTOP-S0C7IEU" failures="0" tests="1" name="Config.SetUp" time="5.644" errors="0" timestamp="2022-01-29T11:23:13 IST" skipped="0">
  <testcase classname="Config.SetUp" name="test" time="5.644"/>
  <system-out/>
</testsuite> <!-- Config.SetUp -->
