<?xml version="1.0" encoding="UTF-8"?>
<!-- Generated by org.testng.reporters.JUnitReportReporter -->
<testsuite hostname="192.168.1.131" failures="0" tests="1" name="scripts.TC_001_Login_Test" time="18.137" errors="0" timestamp="2022-03-09T18:08:32 IST" skipped="0">
  <testcase classname="scripts.TC_001_Login_Test" name="testcase_01" time="18.137"/>
  <system-out/>
</testsuite> <!-- scripts.TC_001_Login_Test -->
